

<xml><ToUserName><![CDATA[gh_d062c1fab77b]]></ToUserName>
<FromUserName><![CDATA[ohUVfwOQhJPheGUSO1qaags8jCps]]></FromUserName>
<CreateTime>1467914030</CreateTime>
<MsgType><![CDATA[event]]></MsgType>
<Event><![CDATA[CLICK]]></Event>
<EventKey><![CDATA[V1001_GOOD]]></EventKey>
</xml>

ohUVfwOQhJPheGUSO1qaags8jCps

gh_d062c1fab77b

<xml><ToUserName><![CDATA[gh_d062c1fab77b]]></ToUserName>
<FromUserName><![CDATA[ohUVfwOQhJPheGUSO1qaags8jCps]]></FromUserName>
<CreateTime>1467914030</CreateTime>
<MsgType><![CDATA[event]]></MsgType>
<Event><![CDATA[CLICK]]></Event>
<EventKey><![CDATA[V1001_GOOD]]></EventKey>
</xml>

ohUVfwOQhJPheGUSO1qaags8jCps

gh_d062c1fab77b

<xml><ToUserName><![CDATA[gh_d062c1fab77b]]></ToUserName>
<FromUserName><![CDATA[ohUVfwOQhJPheGUSO1qaags8jCps]]></FromUserName>
<CreateTime>1467914030</CreateTime>
<MsgType><![CDATA[event]]></MsgType>
<Event><![CDATA[CLICK]]></Event>
<EventKey><![CDATA[V1001_GOOD]]></EventKey>
</xml>

ohUVfwOQhJPheGUSO1qaags8jCps

gh_d062c1fab77b

<xml><ToUserName><![CDATA[gh_d062c1fab77b]]></ToUserName>
<FromUserName><![CDATA[ohUVfwOQhJPheGUSO1qaags8jCps]]></FromUserName>
<CreateTime>1467914124</CreateTime>
<MsgType><![CDATA[event]]></MsgType>
<Event><![CDATA[CLICK]]></Event>
<EventKey><![CDATA[V1001_GOOD]]></EventKey>
</xml>

ohUVfwOQhJPheGUSO1qaags8jCps

gh_d062c1fab77b

<xml><ToUserName><![CDATA[gh_d062c1fab77b]]></ToUserName>
<FromUserName><![CDATA[ohUVfwOQhJPheGUSO1qaags8jCps]]></FromUserName>
<CreateTime>1467914124</CreateTime>
<MsgType><![CDATA[event]]></MsgType>
<Event><![CDATA[CLICK]]></Event>
<EventKey><![CDATA[V1001_GOOD]]></EventKey>
</xml>

ohUVfwOQhJPheGUSO1qaags8jCps

gh_d062c1fab77b

<xml><ToUserName><![CDATA[gh_d062c1fab77b]]></ToUserName>
<FromUserName><![CDATA[ohUVfwOQhJPheGUSO1qaags8jCps]]></FromUserName>
<CreateTime>1467914124</CreateTime>
<MsgType><![CDATA[event]]></MsgType>
<Event><![CDATA[CLICK]]></Event>
<EventKey><![CDATA[V1001_GOOD]]></EventKey>
</xml>

ohUVfwOQhJPheGUSO1qaags8jCps

gh_d062c1fab77b

<xml><ToUserName><![CDATA[gh_d062c1fab77b]]></ToUserName>
<FromUserName><![CDATA[ohUVfwOQhJPheGUSO1qaags8jCps]]></FromUserName>
<CreateTime>1467914332</CreateTime>
<MsgType><![CDATA[text]]></MsgType>
<Content><![CDATA[1]]></Content>
<MsgId>6304644049677450732</MsgId>
</xml>

ohUVfwOQhJPheGUSO1qaags8jCps

gh_d062c1fab77b

<xml><ToUserName><![CDATA[gh_d062c1fab77b]]></ToUserName>
<FromUserName><![CDATA[ohUVfwOQhJPheGUSO1qaags8jCps]]></FromUserName>
<CreateTime>1467914332</CreateTime>
<MsgType><![CDATA[text]]></MsgType>
<Content><![CDATA[1]]></Content>
<MsgId>6304644049677450732</MsgId>
</xml>

ohUVfwOQhJPheGUSO1qaags8jCps

gh_d062c1fab77b

<xml><ToUserName><![CDATA[gh_d062c1fab77b]]></ToUserName>
<FromUserName><![CDATA[ohUVfwOQhJPheGUSO1qaags8jCps]]></FromUserName>
<CreateTime>1467914352</CreateTime>
<MsgType><![CDATA[event]]></MsgType>
<Event><![CDATA[CLICK]]></Event>
<EventKey><![CDATA[V1001_GOOD]]></EventKey>
</xml>

ohUVfwOQhJPheGUSO1qaags8jCps

gh_d062c1fab77b

<xml><ToUserName><![CDATA[gh_d062c1fab77b]]></ToUserName>
<FromUserName><![CDATA[ohUVfwOQhJPheGUSO1qaags8jCps]]></FromUserName>
<CreateTime>1467914332</CreateTime>
<MsgType><![CDATA[text]]></MsgType>
<Content><![CDATA[1]]></Content>
<MsgId>6304644049677450732</MsgId>
</xml>

ohUVfwOQhJPheGUSO1qaags8jCps

gh_d062c1fab77b

<xml><ToUserName><![CDATA[gh_d062c1fab77b]]></ToUserName>
<FromUserName><![CDATA[ohUVfwOQhJPheGUSO1qaags8jCps]]></FromUserName>
<CreateTime>1467914352</CreateTime>
<MsgType><![CDATA[event]]></MsgType>
<Event><![CDATA[CLICK]]></Event>
<EventKey><![CDATA[V1001_GOOD]]></EventKey>
</xml>

ohUVfwOQhJPheGUSO1qaags8jCps

gh_d062c1fab77b

<xml><ToUserName><![CDATA[gh_d062c1fab77b]]></ToUserName>
<FromUserName><![CDATA[ohUVfwOQhJPheGUSO1qaags8jCps]]></FromUserName>
<CreateTime>1467914352</CreateTime>
<MsgType><![CDATA[event]]></MsgType>
<Event><![CDATA[CLICK]]></Event>
<EventKey><![CDATA[V1001_GOOD]]></EventKey>
</xml>

ohUVfwOQhJPheGUSO1qaags8jCps

gh_d062c1fab77b

<xml><ToUserName><![CDATA[gh_d062c1fab77b]]></ToUserName>
<FromUserName><![CDATA[ohUVfwOQhJPheGUSO1qaags8jCps]]></FromUserName>
<CreateTime>1467914398</CreateTime>
<MsgType><![CDATA[event]]></MsgType>
<Event><![CDATA[unsubscribe]]></Event>
<EventKey><![CDATA[]]></EventKey>
</xml>

ohUVfwOQhJPheGUSO1qaags8jCps

gh_d062c1fab77b

<xml><ToUserName><![CDATA[gh_d062c1fab77b]]></ToUserName>
<FromUserName><![CDATA[ohUVfwOQhJPheGUSO1qaags8jCps]]></FromUserName>
<CreateTime>1467914398</CreateTime>
<MsgType><![CDATA[event]]></MsgType>
<Event><![CDATA[unsubscribe]]></Event>
<EventKey><![CDATA[]]></EventKey>
</xml>

ohUVfwOQhJPheGUSO1qaags8jCps

gh_d062c1fab77b

<xml><ToUserName><![CDATA[gh_d062c1fab77b]]></ToUserName>
<FromUserName><![CDATA[ohUVfwOQhJPheGUSO1qaags8jCps]]></FromUserName>
<CreateTime>1467914412</CreateTime>
<MsgType><![CDATA[event]]></MsgType>
<Event><![CDATA[subscribe]]></Event>
<EventKey><![CDATA[]]></EventKey>
</xml>

ohUVfwOQhJPheGUSO1qaags8jCps

gh_d062c1fab77b

<xml><ToUserName><![CDATA[gh_d062c1fab77b]]></ToUserName>
<FromUserName><![CDATA[ohUVfwOQhJPheGUSO1qaags8jCps]]></FromUserName>
<CreateTime>1467914398</CreateTime>
<MsgType><![CDATA[event]]></MsgType>
<Event><![CDATA[unsubscribe]]></Event>
<EventKey><![CDATA[]]></EventKey>
</xml>

ohUVfwOQhJPheGUSO1qaags8jCps

gh_d062c1fab77b

<xml><ToUserName><![CDATA[gh_d062c1fab77b]]></ToUserName>
<FromUserName><![CDATA[ohUVfwOQhJPheGUSO1qaags8jCps]]></FromUserName>
<CreateTime>1467914412</CreateTime>
<MsgType><![CDATA[event]]></MsgType>
<Event><![CDATA[subscribe]]></Event>
<EventKey><![CDATA[]]></EventKey>
</xml>

ohUVfwOQhJPheGUSO1qaags8jCps

gh_d062c1fab77b

<xml><ToUserName><![CDATA[gh_d062c1fab77b]]></ToUserName>
<FromUserName><![CDATA[ohUVfwOQhJPheGUSO1qaags8jCps]]></FromUserName>
<CreateTime>1467914412</CreateTime>
<MsgType><![CDATA[event]]></MsgType>
<Event><![CDATA[subscribe]]></Event>
<EventKey><![CDATA[]]></EventKey>
</xml>

ohUVfwOQhJPheGUSO1qaags8jCps

gh_d062c1fab77b

<xml><ToUserName><![CDATA[gh_d062c1fab77b]]></ToUserName>
<FromUserName><![CDATA[ohUVfwOQhJPheGUSO1qaags8jCps]]></FromUserName>
<CreateTime>1467914487</CreateTime>
<MsgType><![CDATA[event]]></MsgType>
<Event><![CDATA[CLICK]]></Event>
<EventKey><![CDATA[V1001_GOOD]]></EventKey>
</xml>

ohUVfwOQhJPheGUSO1qaags8jCps

gh_d062c1fab77b

<xml><ToUserName><![CDATA[gh_d062c1fab77b]]></ToUserName>
<FromUserName><![CDATA[ohUVfwOQhJPheGUSO1qaags8jCps]]></FromUserName>
<CreateTime>1467914487</CreateTime>
<MsgType><![CDATA[event]]></MsgType>
<Event><![CDATA[CLICK]]></Event>
<EventKey><![CDATA[V1001_GOOD]]></EventKey>
</xml>

ohUVfwOQhJPheGUSO1qaags8jCps

gh_d062c1fab77b

<xml><ToUserName><![CDATA[gh_d062c1fab77b]]></ToUserName>
<FromUserName><![CDATA[ohUVfwOQhJPheGUSO1qaags8jCps]]></FromUserName>
<CreateTime>1467914487</CreateTime>
<MsgType><![CDATA[event]]></MsgType>
<Event><![CDATA[CLICK]]></Event>
<EventKey><![CDATA[V1001_GOOD]]></EventKey>
</xml>

ohUVfwOQhJPheGUSO1qaags8jCps

gh_d062c1fab77b

<xml><ToUserName><![CDATA[gh_d062c1fab77b]]></ToUserName>
<FromUserName><![CDATA[ohUVfwOQhJPheGUSO1qaags8jCps]]></FromUserName>
<CreateTime>1467914525</CreateTime>
<MsgType><![CDATA[event]]></MsgType>
<Event><![CDATA[CLICK]]></Event>
<EventKey><![CDATA[V1001_GOOD]]></EventKey>
</xml>

ohUVfwOQhJPheGUSO1qaags8jCps

gh_d062c1fab77b

<xml><ToUserName><![CDATA[gh_d062c1fab77b]]></ToUserName>
<FromUserName><![CDATA[ohUVfwOQhJPheGUSO1qaags8jCps]]></FromUserName>
<CreateTime>1467914525</CreateTime>
<MsgType><![CDATA[event]]></MsgType>
<Event><![CDATA[CLICK]]></Event>
<EventKey><![CDATA[V1001_GOOD]]></EventKey>
</xml>

ohUVfwOQhJPheGUSO1qaags8jCps

gh_d062c1fab77b

<xml><ToUserName><![CDATA[gh_d062c1fab77b]]></ToUserName>
<FromUserName><![CDATA[ohUVfwOQhJPheGUSO1qaags8jCps]]></FromUserName>
<CreateTime>1467914525</CreateTime>
<MsgType><![CDATA[event]]></MsgType>
<Event><![CDATA[CLICK]]></Event>
<EventKey><![CDATA[V1001_GOOD]]></EventKey>
</xml>

ohUVfwOQhJPheGUSO1qaags8jCps

gh_d062c1fab77b

<xml><ToUserName><![CDATA[gh_d062c1fab77b]]></ToUserName>
<FromUserName><![CDATA[ohUVfwOQhJPheGUSO1qaags8jCps]]></FromUserName>
<CreateTime>1467914638</CreateTime>
<MsgType><![CDATA[event]]></MsgType>
<Event><![CDATA[CLICK]]></Event>
<EventKey><![CDATA[V1001_GOOD]]></EventKey>
</xml>

ohUVfwOQhJPheGUSO1qaags8jCps

gh_d062c1fab77b

<xml><ToUserName><![CDATA[gh_d062c1fab77b]]></ToUserName>
<FromUserName><![CDATA[ohUVfwOQhJPheGUSO1qaags8jCps]]></FromUserName>
<CreateTime>1467914638</CreateTime>
<MsgType><![CDATA[event]]></MsgType>
<Event><![CDATA[CLICK]]></Event>
<EventKey><![CDATA[V1001_GOOD]]></EventKey>
</xml>

ohUVfwOQhJPheGUSO1qaags8jCps

gh_d062c1fab77b

<xml><ToUserName><![CDATA[gh_d062c1fab77b]]></ToUserName>
<FromUserName><![CDATA[ohUVfwOQhJPheGUSO1qaags8jCps]]></FromUserName>
<CreateTime>1467914638</CreateTime>
<MsgType><![CDATA[event]]></MsgType>
<Event><![CDATA[CLICK]]></Event>
<EventKey><![CDATA[V1001_GOOD]]></EventKey>
</xml>

ohUVfwOQhJPheGUSO1qaags8jCps

gh_d062c1fab77b

<xml><ToUserName><![CDATA[gh_d062c1fab77b]]></ToUserName>
<FromUserName><![CDATA[ohUVfwOQhJPheGUSO1qaags8jCps]]></FromUserName>
<CreateTime>1467916123</CreateTime>
<MsgType><![CDATA[event]]></MsgType>
<Event><![CDATA[CLICK]]></Event>
<EventKey><![CDATA[V1001_GOOD]]></EventKey>
</xml>

ohUVfwOQhJPheGUSO1qaags8jCps

gh_d062c1fab77b

<xml><ToUserName><![CDATA[gh_d062c1fab77b]]></ToUserName>
<FromUserName><![CDATA[ohUVfwOQhJPheGUSO1qaags8jCps]]></FromUserName>
<CreateTime>1467917099</CreateTime>
<MsgType><![CDATA[text]]></MsgType>
<Content><![CDATA[1]]></Content>
<MsgId>6304655933851958835</MsgId>
</xml>

ohUVfwOQhJPheGUSO1qaags8jCps

gh_d062c1fab77b

<xml><ToUserName><![CDATA[gh_d062c1fab77b]]></ToUserName>
<FromUserName><![CDATA[ohUVfwOQhJPheGUSO1qaags8jCps]]></FromUserName>
<CreateTime>1467918802</CreateTime>
<MsgType><![CDATA[text]]></MsgType>
<Content><![CDATA[十八摸]]></Content>
<MsgId>6304663248181263972</MsgId>
</xml>

ohUVfwOQhJPheGUSO1qaags8jCps

gh_d062c1fab77b

<xml><ToUserName><![CDATA[gh_d062c1fab77b]]></ToUserName>
<FromUserName><![CDATA[ohUVfwOQhJPheGUSO1qaags8jCps]]></FromUserName>
<CreateTime>1467918802</CreateTime>
<MsgType><![CDATA[text]]></MsgType>
<Content><![CDATA[十八摸]]></Content>
<MsgId>6304663248181263972</MsgId>
</xml>

ohUVfwOQhJPheGUSO1qaags8jCps

gh_d062c1fab77b

<xml><ToUserName><![CDATA[gh_d062c1fab77b]]></ToUserName>
<FromUserName><![CDATA[ohUVfwOQhJPheGUSO1qaags8jCps]]></FromUserName>
<CreateTime>1467918802</CreateTime>
<MsgType><![CDATA[text]]></MsgType>
<Content><![CDATA[十八摸]]></Content>
<MsgId>6304663248181263972</MsgId>
</xml>

ohUVfwOQhJPheGUSO1qaags8jCps

gh_d062c1fab77b

<xml><ToUserName><![CDATA[gh_d062c1fab77b]]></ToUserName>
<FromUserName><![CDATA[ohUVfwOQhJPheGUSO1qaags8jCps]]></FromUserName>
<CreateTime>1467922217</CreateTime>
<MsgType><![CDATA[event]]></MsgType>
<Event><![CDATA[unsubscribe]]></Event>
<EventKey><![CDATA[]]></EventKey>
</xml>

ohUVfwOQhJPheGUSO1qaags8jCps

gh_d062c1fab77b

<xml><ToUserName><![CDATA[gh_d062c1fab77b]]></ToUserName>
<FromUserName><![CDATA[ohUVfwOQhJPheGUSO1qaags8jCps]]></FromUserName>
<CreateTime>1467922217</CreateTime>
<MsgType><![CDATA[event]]></MsgType>
<Event><![CDATA[unsubscribe]]></Event>
<EventKey><![CDATA[]]></EventKey>
</xml>

ohUVfwOQhJPheGUSO1qaags8jCps

gh_d062c1fab77b

<xml><ToUserName><![CDATA[gh_d062c1fab77b]]></ToUserName>
<FromUserName><![CDATA[ohUVfwOQhJPheGUSO1qaags8jCps]]></FromUserName>
<CreateTime>1467922232</CreateTime>
<MsgType><![CDATA[event]]></MsgType>
<Event><![CDATA[subscribe]]></Event>
<EventKey><![CDATA[]]></EventKey>
</xml>

ohUVfwOQhJPheGUSO1qaags8jCps

gh_d062c1fab77b

<xml><ToUserName><![CDATA[gh_d062c1fab77b]]></ToUserName>
<FromUserName><![CDATA[ohUVfwOQhJPheGUSO1qaags8jCps]]></FromUserName>
<CreateTime>1467922217</CreateTime>
<MsgType><![CDATA[event]]></MsgType>
<Event><![CDATA[unsubscribe]]></Event>
<EventKey><![CDATA[]]></EventKey>
</xml>

ohUVfwOQhJPheGUSO1qaags8jCps

gh_d062c1fab77b

<xml><ToUserName><![CDATA[gh_d062c1fab77b]]></ToUserName>
<FromUserName><![CDATA[ohUVfwOQhJPheGUSO1qaags8jCps]]></FromUserName>
<CreateTime>1467922232</CreateTime>
<MsgType><![CDATA[event]]></MsgType>
<Event><![CDATA[subscribe]]></Event>
<EventKey><![CDATA[]]></EventKey>
</xml>

ohUVfwOQhJPheGUSO1qaags8jCps

gh_d062c1fab77b

<xml><ToUserName><![CDATA[gh_d062c1fab77b]]></ToUserName>
<FromUserName><![CDATA[ohUVfwOQhJPheGUSO1qaags8jCps]]></FromUserName>
<CreateTime>1467922232</CreateTime>
<MsgType><![CDATA[event]]></MsgType>
<Event><![CDATA[subscribe]]></Event>
<EventKey><![CDATA[]]></EventKey>
</xml>

ohUVfwOQhJPheGUSO1qaags8jCps

gh_d062c1fab77b

<xml><ToUserName><![CDATA[gh_d062c1fab77b]]></ToUserName>
<FromUserName><![CDATA[ohUVfwOQhJPheGUSO1qaags8jCps]]></FromUserName>
<CreateTime>1467922330</CreateTime>
<MsgType><![CDATA[text]]></MsgType>
<Content><![CDATA[1]]></Content>
<MsgId>6304678400825884323</MsgId>
</xml>

ohUVfwOQhJPheGUSO1qaags8jCps

gh_d062c1fab77b

<xml><ToUserName><![CDATA[gh_d062c1fab77b]]></ToUserName>
<FromUserName><![CDATA[ohUVfwOQhJPheGUSO1qaags8jCps]]></FromUserName>
<CreateTime>1467922341</CreateTime>
<MsgType><![CDATA[event]]></MsgType>
<Event><![CDATA[CLICK]]></Event>
<EventKey><![CDATA[V1001_GOOD]]></EventKey>
</xml>

ohUVfwOQhJPheGUSO1qaags8jCps

gh_d062c1fab77b

<xml><ToUserName><![CDATA[gh_d062c1fab77b]]></ToUserName>
<FromUserName><![CDATA[ohUVfwOQhJPheGUSO1qaags8jCps]]></FromUserName>
<CreateTime>1467922330</CreateTime>
<MsgType><![CDATA[text]]></MsgType>
<Content><![CDATA[1]]></Content>
<MsgId>6304678400825884323</MsgId>
</xml>

ohUVfwOQhJPheGUSO1qaags8jCps

gh_d062c1fab77b

<xml><ToUserName><![CDATA[gh_d062c1fab77b]]></ToUserName>
<FromUserName><![CDATA[ohUVfwOQhJPheGUSO1qaags8jCps]]></FromUserName>
<CreateTime>1467922341</CreateTime>
<MsgType><![CDATA[event]]></MsgType>
<Event><![CDATA[CLICK]]></Event>
<EventKey><![CDATA[V1001_GOOD]]></EventKey>
</xml>

ohUVfwOQhJPheGUSO1qaags8jCps

gh_d062c1fab77b

<xml><ToUserName><![CDATA[gh_d062c1fab77b]]></ToUserName>
<FromUserName><![CDATA[ohUVfwOQhJPheGUSO1qaags8jCps]]></FromUserName>
<CreateTime>1467922330</CreateTime>
<MsgType><![CDATA[text]]></MsgType>
<Content><![CDATA[1]]></Content>
<MsgId>6304678400825884323</MsgId>
</xml>

ohUVfwOQhJPheGUSO1qaags8jCps

gh_d062c1fab77b

<xml><ToUserName><![CDATA[gh_d062c1fab77b]]></ToUserName>
<FromUserName><![CDATA[ohUVfwOQhJPheGUSO1qaags8jCps]]></FromUserName>
<CreateTime>1467922341</CreateTime>
<MsgType><![CDATA[event]]></MsgType>
<Event><![CDATA[CLICK]]></Event>
<EventKey><![CDATA[V1001_GOOD]]></EventKey>
</xml>

ohUVfwOQhJPheGUSO1qaags8jCps

gh_d062c1fab77b

<xml><ToUserName><![CDATA[gh_d062c1fab77b]]></ToUserName>
<FromUserName><![CDATA[ohUVfwOQhJPheGUSO1qaags8jCps]]></FromUserName>
<CreateTime>1467922385</CreateTime>
<MsgType><![CDATA[text]]></MsgType>
<Content><![CDATA[你]]></Content>
<MsgId>6304678637049085604</MsgId>
</xml>

ohUVfwOQhJPheGUSO1qaags8jCps

gh_d062c1fab77b

<xml><ToUserName><![CDATA[gh_d062c1fab77b]]></ToUserName>
<FromUserName><![CDATA[ohUVfwOQhJPheGUSO1qaags8jCps]]></FromUserName>
<CreateTime>1467922385</CreateTime>
<MsgType><![CDATA[text]]></MsgType>
<Content><![CDATA[你]]></Content>
<MsgId>6304678637049085604</MsgId>
</xml>

ohUVfwOQhJPheGUSO1qaags8jCps

gh_d062c1fab77b

<xml><ToUserName><![CDATA[gh_d062c1fab77b]]></ToUserName>
<FromUserName><![CDATA[ohUVfwOQhJPheGUSO1qaags8jCps]]></FromUserName>
<CreateTime>1467922385</CreateTime>
<MsgType><![CDATA[text]]></MsgType>
<Content><![CDATA[你]]></Content>
<MsgId>6304678637049085604</MsgId>
</xml>

ohUVfwOQhJPheGUSO1qaags8jCps

gh_d062c1fab77b

<xml><ToUserName><![CDATA[gh_d062c1fab77b]]></ToUserName>
<FromUserName><![CDATA[ohUVfwOQhJPheGUSO1qaags8jCps]]></FromUserName>
<CreateTime>1467922447</CreateTime>
<MsgType><![CDATA[text]]></MsgType>
<Content><![CDATA[十八摸]]></Content>
<MsgId>6304678903337057959</MsgId>
</xml>

ohUVfwOQhJPheGUSO1qaags8jCps

gh_d062c1fab77b

<xml><ToUserName><![CDATA[gh_d062c1fab77b]]></ToUserName>
<FromUserName><![CDATA[ohUVfwOQhJPheGUSO1qaags8jCps]]></FromUserName>
<CreateTime>1467922447</CreateTime>
<MsgType><![CDATA[text]]></MsgType>
<Content><![CDATA[十八摸]]></Content>
<MsgId>6304678903337057959</MsgId>
</xml>

ohUVfwOQhJPheGUSO1qaags8jCps

gh_d062c1fab77b

<xml><ToUserName><![CDATA[gh_d062c1fab77b]]></ToUserName>
<FromUserName><![CDATA[ohUVfwOQhJPheGUSO1qaags8jCps]]></FromUserName>
<CreateTime>1467922470</CreateTime>
<MsgType><![CDATA[text]]></MsgType>
<Content><![CDATA[十八摸]]></Content>
<MsgId>6304679002121305769</MsgId>
</xml>

ohUVfwOQhJPheGUSO1qaags8jCps

gh_d062c1fab77b

<xml><ToUserName><![CDATA[gh_d062c1fab77b]]></ToUserName>
<FromUserName><![CDATA[ohUVfwOQhJPheGUSO1qaags8jCps]]></FromUserName>
<CreateTime>1467922447</CreateTime>
<MsgType><![CDATA[text]]></MsgType>
<Content><![CDATA[十八摸]]></Content>
<MsgId>6304678903337057959</MsgId>
</xml>

ohUVfwOQhJPheGUSO1qaags8jCps

gh_d062c1fab77b

<xml><ToUserName><![CDATA[gh_d062c1fab77b]]></ToUserName>
<FromUserName><![CDATA[ohUVfwOQhJPheGUSO1qaags8jCps]]></FromUserName>
<CreateTime>1467922470</CreateTime>
<MsgType><![CDATA[text]]></MsgType>
<Content><![CDATA[十八摸]]></Content>
<MsgId>6304679002121305769</MsgId>
</xml>

ohUVfwOQhJPheGUSO1qaags8jCps

gh_d062c1fab77b

<xml><ToUserName><![CDATA[gh_d062c1fab77b]]></ToUserName>
<FromUserName><![CDATA[ohUVfwOQhJPheGUSO1qaags8jCps]]></FromUserName>
<CreateTime>1467922470</CreateTime>
<MsgType><![CDATA[text]]></MsgType>
<Content><![CDATA[十八摸]]></Content>
<MsgId>6304679002121305769</MsgId>
</xml>

ohUVfwOQhJPheGUSO1qaags8jCps

gh_d062c1fab77b

<xml><ToUserName><![CDATA[gh_d062c1fab77b]]></ToUserName>
<FromUserName><![CDATA[ohUVfwOQhJPheGUSO1qaags8jCps]]></FromUserName>
<CreateTime>1467923398</CreateTime>
<MsgType><![CDATA[text]]></MsgType>
<Content><![CDATA[新闻]]></Content>
<MsgId>6304682987850956470</MsgId>
</xml>

ohUVfwOQhJPheGUSO1qaags8jCps

gh_d062c1fab77b

<xml><ToUserName><![CDATA[gh_d062c1fab77b]]></ToUserName>
<FromUserName><![CDATA[ohUVfwOQhJPheGUSO1qaags8jCps]]></FromUserName>
<CreateTime>1467923398</CreateTime>
<MsgType><![CDATA[text]]></MsgType>
<Content><![CDATA[新闻]]></Content>
<MsgId>6304682987850956470</MsgId>
</xml>

ohUVfwOQhJPheGUSO1qaags8jCps

gh_d062c1fab77b

<xml><ToUserName><![CDATA[gh_d062c1fab77b]]></ToUserName>
<FromUserName><![CDATA[ohUVfwOQhJPheGUSO1qaags8jCps]]></FromUserName>
<CreateTime>1467923398</CreateTime>
<MsgType><![CDATA[text]]></MsgType>
<Content><![CDATA[新闻]]></Content>
<MsgId>6304682987850956470</MsgId>
</xml>

ohUVfwOQhJPheGUSO1qaags8jCps

gh_d062c1fab77b